2018-06-17 11:00:28.737 [main] INFO  com.test.Application -
				Starting Application on PU-NB-RSONI with PID 8700 (C:\Users\rasoni\Desktop\Personal\personalProject\spring-boot-jpa-gradle-backbone-template\template\template-web\bin started by rasoni in C:\Users\rasoni\Desktop\Personal\personalProject\spring-boot-jpa-gradle-backbone-template\template\template-web)
2018-06-17 11:54:39.664 [main] INFO  com.test.Application -
				Starting Application on PU-NB-RSONI with PID 10132 (C:\Users\rasoni\Desktop\Personal\personalProject\spring-boot-jpa-gradle-backbone-template\template\template-web\bin started by rasoni in C:\Users\rasoni\Desktop\Personal\personalProject\spring-boot-jpa-gradle-backbone-template\template\template-web)
2018-06-17 12:00:18.724 [main] INFO  com.test.Application -
				Starting Application on PU-NB-RSONI with PID 8524 (C:\Users\rasoni\Desktop\Personal\personalProject\spring-boot-jpa-gradle-backbone-template\template\template-web\bin started by rasoni in C:\Users\rasoni\Desktop\Personal\personalProject\spring-boot-jpa-gradle-backbone-template\template\template-web)
2018-06-17 12:07:00.692 [main] INFO  com.test.Application -
				Starting Application on PU-NB-RSONI with PID 9412 (C:\Users\rasoni\Desktop\Personal\personalProject\spring-boot-jpa-gradle-backbone-template\template\template-web\bin started by rasoni in C:\Users\rasoni\Desktop\Personal\personalProject\spring-boot-jpa-gradle-backbone-template\template\template-web)
2018-06-17 12:38:40.521 [main] INFO  com.test.Application -
				Starting Application on PU-NB-RSONI with PID 9844 (C:\Users\rasoni\Desktop\Personal\personalProject\spring-boot-jpa-gradle-backbone-template\template\template-web\bin started by rasoni in C:\Users\rasoni\Desktop\Personal\personalProject\spring-boot-jpa-gradle-backbone-template\template\template-web)
2018-06-17 12:40:46.464 [main] INFO  com.test.Application -
				Starting Application on PU-NB-RSONI with PID 9520 (C:\Users\rasoni\Desktop\Personal\personalProject\spring-boot-jpa-gradle-backbone-template\template\template-web\bin started by rasoni in C:\Users\rasoni\Desktop\Personal\personalProject\spring-boot-jpa-gradle-backbone-template\template\template-web)
2018-06-17 12:40:54.202 [main] INFO  com.test.Application -
				Starting Application on PU-NB-RSONI with PID 10012 (C:\Users\rasoni\Desktop\Personal\personalProject\spring-boot-jpa-gradle-backbone-template\template\template-web\bin started by rasoni in C:\Users\rasoni\Desktop\Personal\personalProject\spring-boot-jpa-gradle-backbone-template\template\template-web)
2018-06-17 12:42:26.913 [main] INFO  com.test.Application -
				Starting Application on PU-NB-RSONI with PID 4784 (C:\Users\rasoni\Desktop\Personal\personalProject\spring-boot-jpa-gradle-backbone-template\template\template-web\bin started by rasoni in C:\Users\rasoni\Desktop\Personal\personalProject\spring-boot-jpa-gradle-backbone-template\template\template-web)
2018-06-17 12:45:13.897 [main] INFO  com.test.Application -
				Starting Application on PU-NB-RSONI with PID 7428 (C:\Users\rasoni\Desktop\Personal\personalProject\spring-boot-jpa-gradle-backbone-template\template\template-web\bin started by rasoni in C:\Users\rasoni\Desktop\Personal\personalProject\spring-boot-jpa-gradle-backbone-template\template\template-web)
2018-06-17 12:46:38.529 [main] INFO  com.test.Application -
				Starting Application on PU-NB-RSONI with PID 5388 (C:\Users\rasoni\Desktop\Personal\personalProject\spring-boot-jpa-gradle-backbone-template\template\template-web\bin started by rasoni in C:\Users\rasoni\Desktop\Personal\personalProject\spring-boot-jpa-gradle-backbone-template\template\template-web)
2018-06-17 13:04:26.463 [main] INFO  com.test.Application -
				Starting Application on PU-NB-RSONI with PID 10620 (C:\Users\rasoni\Desktop\Personal\personalProject\spring-boot-jpa-gradle-backbone-template\template\template-web\bin started by rasoni in C:\Users\rasoni\Desktop\Personal\personalProject\spring-boot-jpa-gradle-backbone-template\template\template-web)
2018-06-17 13:05:43.727 [main] INFO  com.test.Application -
				Starting Application on PU-NB-RSONI with PID 8680 (C:\Users\rasoni\Desktop\Personal\personalProject\spring-boot-jpa-gradle-backbone-template\template\template-web\bin started by rasoni in C:\Users\rasoni\Desktop\Personal\personalProject\spring-boot-jpa-gradle-backbone-template\template\template-web)
2018-06-17 13:20:44.461 [main] INFO  com.test.Application -
				Starting Application on PU-NB-RSONI with PID 9532 (C:\Users\rasoni\Desktop\Personal\personalProject\spring-boot-jpa-gradle-backbone-template\template\template-web\bin started by rasoni in C:\Users\rasoni\Desktop\Personal\personalProject\spring-boot-jpa-gradle-backbone-template\template\template-web)
2018-06-17 13:23:11.434 [main] INFO  com.test.Application -
				Starting Application on PU-NB-RSONI with PID 9336 (C:\Users\rasoni\Desktop\Personal\personalProject\spring-boot-jpa-gradle-backbone-template\template\template-web\bin started by rasoni in C:\Users\rasoni\Desktop\Personal\personalProject\spring-boot-jpa-gradle-backbone-template\template\template-web)
2018-06-17 13:28:40.387 [main] INFO  com.test.Application -
				Starting Application on PU-NB-RSONI with PID 11088 (C:\Users\rasoni\Desktop\Personal\personalProject\spring-boot-jpa-gradle-backbone-template\template\template-web\bin started by rasoni in C:\Users\rasoni\Desktop\Personal\personalProject\spring-boot-jpa-gradle-backbone-template\template\template-web)
2018-06-17 13:28:50.706 [main] INFO  com.test.Application -
				Started Application in 10.557 seconds (JVM running for 11.439)
2018-06-17 13:29:03.642 [http-nio-8080-exec-1] INFO  c.t.config.loging.RequestInterceptor -
				anonymousUser [761E799B50F51311FCCCE6E505D625B0] [GET] [/] [4ms] [OK]
2018-06-17 13:29:04.418 [http-nio-8080-exec-1] INFO  c.t.config.loging.RequestInterceptor -
				anonymousUser [761E799B50F51311FCCCE6E505D625B0] [GET] [/login] [1ms] [OK]
2018-06-17 13:30:35.402 [http-nio-8080-exec-6] INFO  c.t.config.loging.RequestInterceptor -
				anonymousUser [761E799B50F51311FCCCE6E505D625B0] [GET] [/failure] [55ms] [OK]
2018-06-17 13:31:59.808 [http-nio-8080-exec-8] INFO  c.t.config.loging.RequestInterceptor -
				anonymousUser [761E799B50F51311FCCCE6E505D625B0] [GET] [/failure] [1ms] [OK]
2018-06-17 13:35:15.398 [http-nio-8080-exec-5] INFO  c.t.config.loging.RequestInterceptor -
				anonymousUser [761E799B50F51311FCCCE6E505D625B0] [GET] [/failure] [1ms] [OK]
2018-06-17 13:40:17.449 [http-nio-8080-exec-3] INFO  c.t.config.loging.RequestInterceptor -
				anonymousUser [761E799B50F51311FCCCE6E505D625B0] [GET] [/failure] [2ms] [OK]
2018-06-17 13:41:06.810 [http-nio-8080-exec-4] INFO  c.t.config.loging.RequestInterceptor -
				EmbraceAdmin [5A04F44725F243DE8894AF978ACDC3D4] [GET] [/success] [73ms] [OK]
2018-06-17 13:41:06.843 [http-nio-8080-exec-6] INFO  c.t.config.loging.RequestInterceptor -
				EmbraceAdmin [5A04F44725F243DE8894AF978ACDC3D4] [GET] [/index1] [0ms] [OK]
2018-06-17 13:41:07.334 [http-nio-8080-exec-3] INFO  c.t.config.loging.RequestInterceptor -
				EmbraceAdmin [5A04F44725F243DE8894AF978ACDC3D4] [GET] [/success] [1ms] [OK]
2018-06-17 13:41:07.423 [http-nio-8080-exec-4] INFO  c.t.config.loging.RequestInterceptor -
				Visitor [5A04F44725F243DE8894AF978ACDC3D4] [GET] [/error] [24ms] [OK]
2018-06-17 14:13:06.608 [http-nio-8080-exec-5] INFO  c.t.config.loging.RequestInterceptor -
				EmbraceAdmin [5A04F44725F243DE8894AF978ACDC3D4] [GET] [/index1] [1ms] [OK]
2018-06-17 14:13:07.096 [http-nio-8080-exec-5] INFO  c.t.config.loging.RequestInterceptor -
				EmbraceAdmin [5A04F44725F243DE8894AF978ACDC3D4] [GET] [/success] [1ms] [OK]
2018-06-17 14:13:07.166 [http-nio-8080-exec-10] INFO  c.t.config.loging.RequestInterceptor -
				Visitor [5A04F44725F243DE8894AF978ACDC3D4] [GET] [/error] [1ms] [OK]
2018-06-17 14:14:31.795 [http-nio-8080-exec-6] INFO  c.t.config.loging.RequestInterceptor -
				anonymousUser [36B3AFB60A69ACB81405A13D6B1BA5EF] [GET] [/login] [0ms] [OK]
2018-06-17 14:14:31.810 [http-nio-8080-exec-8] INFO  c.t.config.loging.RequestInterceptor -
				anonymousUser [36B3AFB60A69ACB81405A13D6B1BA5EF] [GET] [/login] [0ms] [OK]
2018-06-17 14:14:32.280 [http-nio-8080-exec-3] INFO  c.t.config.loging.RequestInterceptor -
				anonymousUser [36B3AFB60A69ACB81405A13D6B1BA5EF] [GET] [/login] [1ms] [OK]
2018-06-17 14:17:05.418 [http-nio-8080-exec-10] INFO  c.t.config.loging.RequestInterceptor -
				anonymousUser [36B3AFB60A69ACB81405A13D6B1BA5EF] [GET] [/login] [0ms] [OK]
2018-06-17 14:17:06.401 [http-nio-8080-exec-9] INFO  c.t.config.loging.RequestInterceptor -
				anonymousUser [36B3AFB60A69ACB81405A13D6B1BA5EF] [GET] [/login] [0ms] [OK]
2018-06-17 14:19:12.849 [http-nio-8080-exec-4] INFO  c.t.config.loging.RequestInterceptor -
				anonymousUser [36B3AFB60A69ACB81405A13D6B1BA5EF] [GET] [/login] [0ms] [OK]
2018-06-17 14:19:13.702 [http-nio-8080-exec-6] INFO  c.t.config.loging.RequestInterceptor -
				anonymousUser [36B3AFB60A69ACB81405A13D6B1BA5EF] [GET] [/login] [0ms] [OK]
2018-06-17 14:19:30.077 [http-nio-8080-exec-9] INFO  c.t.config.loging.RequestInterceptor -
				EmbraceAdmin [82261D6EC114B1CFC0F0ED74A231D675] [GET] [/success] [1ms] [OK]
2018-06-17 14:19:30.101 [http-nio-8080-exec-1] INFO  c.t.config.loging.RequestInterceptor -
				EmbraceAdmin [82261D6EC114B1CFC0F0ED74A231D675] [GET] [/index1] [0ms] [OK]
2018-06-17 14:19:30.865 [http-nio-8080-exec-8] INFO  c.t.config.loging.RequestInterceptor -
				EmbraceAdmin [82261D6EC114B1CFC0F0ED74A231D675] [GET] [/success] [2ms] [OK]
2018-06-17 14:19:30.979 [http-nio-8080-exec-2] INFO  c.t.config.loging.RequestInterceptor -
				Visitor [82261D6EC114B1CFC0F0ED74A231D675] [GET] [/error] [2ms] [OK]
2018-06-17 14:21:55.229 [http-nio-8080-exec-4] INFO  c.t.config.loging.RequestInterceptor -
				EmbraceAdmin [82261D6EC114B1CFC0F0ED74A231D675] [GET] [/index1] [0ms] [OK]
2018-06-17 14:21:55.959 [http-nio-8080-exec-10] INFO  c.t.config.loging.RequestInterceptor -
				EmbraceAdmin [82261D6EC114B1CFC0F0ED74A231D675] [GET] [/success] [2ms] [OK]
2018-06-17 14:21:56.020 [http-nio-8080-exec-4] INFO  c.t.config.loging.RequestInterceptor -
				Visitor [82261D6EC114B1CFC0F0ED74A231D675] [GET] [/error] [1ms] [OK]
2018-06-17 14:21:59.175 [http-nio-8080-exec-6] INFO  c.t.config.loging.RequestInterceptor -
				EmbraceAdmin [82261D6EC114B1CFC0F0ED74A231D675] [GET] [/index1] [0ms] [OK]
2018-06-17 14:21:59.770 [http-nio-8080-exec-8] INFO  c.t.config.loging.RequestInterceptor -
				EmbraceAdmin [82261D6EC114B1CFC0F0ED74A231D675] [GET] [/success] [1ms] [OK]
2018-06-17 14:21:59.889 [http-nio-8080-exec-7] INFO  c.t.config.loging.RequestInterceptor -
				Visitor [82261D6EC114B1CFC0F0ED74A231D675] [GET] [/error] [2ms] [OK]
2018-06-17 14:28:30.570 [http-nio-8080-exec-2] INFO  c.t.config.loging.RequestInterceptor -
				EmbraceAdmin [82261D6EC114B1CFC0F0ED74A231D675] [GET] [/index1] [0ms] [OK]
2018-06-17 14:28:31.403 [http-nio-8080-exec-10] INFO  c.t.config.loging.RequestInterceptor -
				EmbraceAdmin [82261D6EC114B1CFC0F0ED74A231D675] [GET] [/success] [1ms] [OK]
2018-06-17 14:28:31.463 [http-nio-8080-exec-2] INFO  c.t.config.loging.RequestInterceptor -
				Visitor [82261D6EC114B1CFC0F0ED74A231D675] [GET] [/error] [2ms] [OK]
2018-06-17 14:29:39.773 [http-nio-8080-exec-1] INFO  c.t.config.loging.RequestInterceptor -
				EmbraceAdmin [82261D6EC114B1CFC0F0ED74A231D675] [GET] [/index1] [0ms] [OK]
2018-06-17 14:29:40.393 [http-nio-8080-exec-9] INFO  c.t.config.loging.RequestInterceptor -
				EmbraceAdmin [82261D6EC114B1CFC0F0ED74A231D675] [GET] [/success] [1ms] [OK]
2018-06-17 14:29:40.567 [http-nio-8080-exec-4] INFO  c.t.config.loging.RequestInterceptor -
				Visitor [82261D6EC114B1CFC0F0ED74A231D675] [GET] [/error] [1ms] [OK]
2018-06-17 14:29:50.829 [http-nio-8080-exec-3] INFO  c.t.config.loging.RequestInterceptor -
				EmbraceAdmin [82261D6EC114B1CFC0F0ED74A231D675] [GET] [/index1] [0ms] [OK]
2018-06-17 14:29:51.387 [http-nio-8080-exec-6] INFO  c.t.config.loging.RequestInterceptor -
				EmbraceAdmin [82261D6EC114B1CFC0F0ED74A231D675] [GET] [/success] [2ms] [OK]
2018-06-17 14:29:51.519 [http-nio-8080-exec-4] INFO  c.t.config.loging.RequestInterceptor -
				Visitor [82261D6EC114B1CFC0F0ED74A231D675] [GET] [/error] [1ms] [OK]
2018-06-17 14:31:46.591 [http-nio-8080-exec-10] INFO  c.t.config.loging.RequestInterceptor -
				EmbraceAdmin [82261D6EC114B1CFC0F0ED74A231D675] [GET] [/index1] [0ms] [OK]
2018-06-17 14:31:47.221 [http-nio-8080-exec-7] INFO  c.t.config.loging.RequestInterceptor -
				EmbraceAdmin [82261D6EC114B1CFC0F0ED74A231D675] [GET] [/success] [1ms] [OK]
2018-06-17 14:31:47.338 [http-nio-8080-exec-3] INFO  c.t.config.loging.RequestInterceptor -
				Visitor [82261D6EC114B1CFC0F0ED74A231D675] [GET] [/error] [1ms] [OK]
2018-06-17 14:32:13.352 [http-nio-8080-exec-5] INFO  c.t.config.loging.RequestInterceptor -
				anonymousUser [EB4274D11DC0405305712850FE716919] [GET] [/login] [0ms] [OK]
2018-06-17 14:32:14.027 [http-nio-8080-exec-10] INFO  c.t.config.loging.RequestInterceptor -
				anonymousUser [EB4274D11DC0405305712850FE716919] [GET] [/login] [0ms] [OK]
2018-06-17 14:32:15.679 [http-nio-8080-exec-5] INFO  c.t.config.loging.RequestInterceptor -
				EmbraceAdmin [3E19F630977DA36B6AFFE1629426AB48] [GET] [/success] [4ms] [OK]
2018-06-17 14:32:15.693 [http-nio-8080-exec-2] INFO  c.t.config.loging.RequestInterceptor -
				EmbraceAdmin [3E19F630977DA36B6AFFE1629426AB48] [GET] [/index1] [0ms] [OK]
2018-06-17 14:32:16.227 [http-nio-8080-exec-6] INFO  c.t.config.loging.RequestInterceptor -
				EmbraceAdmin [3E19F630977DA36B6AFFE1629426AB48] [GET] [/success] [2ms] [OK]
2018-06-17 14:32:16.373 [http-nio-8080-exec-9] INFO  c.t.config.loging.RequestInterceptor -
				Visitor [3E19F630977DA36B6AFFE1629426AB48] [GET] [/error] [1ms] [OK]
2018-06-17 14:32:39.951 [http-nio-8080-exec-3] INFO  c.t.config.loging.RequestInterceptor -
				EmbraceAdmin [3E19F630977DA36B6AFFE1629426AB48] [GET] [/index1] [1ms] [OK]
2018-06-17 14:32:40.545 [http-nio-8080-exec-4] INFO  c.t.config.loging.RequestInterceptor -
				EmbraceAdmin [3E19F630977DA36B6AFFE1629426AB48] [GET] [/success] [3ms] [OK]
2018-06-17 14:32:40.662 [http-nio-8080-exec-7] INFO  c.t.config.loging.RequestInterceptor -
				Visitor [3E19F630977DA36B6AFFE1629426AB48] [GET] [/error] [0ms] [OK]
2018-06-17 14:37:47.636 [http-nio-8080-exec-3] INFO  c.t.config.loging.RequestInterceptor -
				EmbraceAdmin [3E19F630977DA36B6AFFE1629426AB48] [GET] [/index1] [0ms] [OK]
2018-06-17 14:37:48.571 [http-nio-8080-exec-4] INFO  c.t.config.loging.RequestInterceptor -
				EmbraceAdmin [3E19F630977DA36B6AFFE1629426AB48] [GET] [/success] [1ms] [OK]
2018-06-17 14:37:48.708 [http-nio-8080-exec-2] INFO  c.t.config.loging.RequestInterceptor -
				Visitor [3E19F630977DA36B6AFFE1629426AB48] [GET] [/error] [1ms] [OK]
2018-06-17 14:38:11.985 [http-nio-8080-exec-6] INFO  c.t.config.loging.RequestInterceptor -
				EmbraceAdmin [3E19F630977DA36B6AFFE1629426AB48] [GET] [/index1] [0ms] [OK]
2018-06-17 14:38:12.730 [http-nio-8080-exec-9] INFO  c.t.config.loging.RequestInterceptor -
				EmbraceAdmin [3E19F630977DA36B6AFFE1629426AB48] [GET] [/success] [9ms] [OK]
2018-06-17 14:38:12.877 [http-nio-8080-exec-4] INFO  c.t.config.loging.RequestInterceptor -
				Visitor [3E19F630977DA36B6AFFE1629426AB48] [GET] [/error] [2ms] [OK]
2018-06-17 14:42:15.446 [http-nio-8080-exec-1] INFO  c.t.config.loging.RequestInterceptor -
				EmbraceAdmin [3E19F630977DA36B6AFFE1629426AB48] [GET] [/index1] [0ms] [OK]
2018-06-17 14:42:15.814 [http-nio-8080-exec-10] INFO  c.t.config.loging.RequestInterceptor -
				EmbraceAdmin [3E19F630977DA36B6AFFE1629426AB48] [GET] [/success] [1ms] [OK]
2018-06-17 14:42:15.852 [http-nio-8080-exec-7] INFO  c.t.config.loging.RequestInterceptor -
				Visitor [3E19F630977DA36B6AFFE1629426AB48] [GET] [/error] [1ms] [OK]
2018-06-17 14:42:18.746 [http-nio-8080-exec-2] INFO  c.t.config.loging.RequestInterceptor -
				EmbraceAdmin [3E19F630977DA36B6AFFE1629426AB48] [GET] [/index1] [0ms] [OK]
2018-06-17 14:42:19.039 [http-nio-8080-exec-5] INFO  c.t.config.loging.RequestInterceptor -
				EmbraceAdmin [3E19F630977DA36B6AFFE1629426AB48] [GET] [/success] [1ms] [OK]
2018-06-17 14:42:19.092 [http-nio-8080-exec-1] INFO  c.t.config.loging.RequestInterceptor -
				Visitor [3E19F630977DA36B6AFFE1629426AB48] [GET] [/error] [1ms] [OK]
2018-06-17 14:42:24.983 [http-nio-8080-exec-6] INFO  c.t.config.loging.RequestInterceptor -
				EmbraceAdmin [3E19F630977DA36B6AFFE1629426AB48] [GET] [/index1] [0ms] [OK]
2018-06-17 14:42:25.592 [http-nio-8080-exec-7] INFO  c.t.config.loging.RequestInterceptor -
				EmbraceAdmin [3E19F630977DA36B6AFFE1629426AB48] [GET] [/success] [1ms] [OK]
2018-06-17 14:42:25.736 [http-nio-8080-exec-5] INFO  c.t.config.loging.RequestInterceptor -
				Visitor [3E19F630977DA36B6AFFE1629426AB48] [GET] [/error] [1ms] [OK]
2018-06-17 14:43:30.775 [http-nio-8080-exec-6] INFO  c.t.config.loging.RequestInterceptor -
				EmbraceAdmin [3E19F630977DA36B6AFFE1629426AB48] [GET] [/index1] [0ms] [OK]
2018-06-17 14:43:31.441 [http-nio-8080-exec-5] INFO  c.t.config.loging.RequestInterceptor -
				Visitor [3E19F630977DA36B6AFFE1629426AB48] [GET] [/error] [1ms] [OK]
2018-06-17 14:43:31.467 [http-nio-8080-exec-7] INFO  c.t.config.loging.RequestInterceptor -
				EmbraceAdmin [3E19F630977DA36B6AFFE1629426AB48] [GET] [/success] [2ms] [OK]
2018-06-17 14:56:07.361 [http-nio-8080-exec-3] INFO  c.t.config.loging.RequestInterceptor -
				EmbraceAdmin [3E19F630977DA36B6AFFE1629426AB48] [GET] [/index1] [0ms] [OK]
2018-06-17 14:56:08.021 [http-nio-8080-exec-1] INFO  c.t.config.loging.RequestInterceptor -
				EmbraceAdmin [3E19F630977DA36B6AFFE1629426AB48] [GET] [/success] [1ms] [OK]
2018-06-17 15:26:35.385 [http-nio-8080-exec-6] INFO  c.t.config.loging.RequestInterceptor -
				EmbraceAdmin [3E19F630977DA36B6AFFE1629426AB48] [GET] [/index1] [0ms] [OK]
2018-06-17 15:26:36.038 [http-nio-8080-exec-7] INFO  c.t.config.loging.RequestInterceptor -
				EmbraceAdmin [3E19F630977DA36B6AFFE1629426AB48] [GET] [/success] [1ms] [OK]
2018-06-17 15:26:40.639 [http-nio-8080-exec-5] INFO  c.t.config.loging.RequestInterceptor -
				Visitor [3E19F630977DA36B6AFFE1629426AB48] [GET] [/error] [1ms] [OK]
2018-06-17 15:26:43.748 [http-nio-8080-exec-3] INFO  c.t.config.loging.RequestInterceptor -
				EmbraceAdmin [3E19F630977DA36B6AFFE1629426AB48] [GET] [/index1] [0ms] [OK]
2018-06-17 15:26:44.079 [http-nio-8080-exec-10] INFO  c.t.config.loging.RequestInterceptor -
				EmbraceAdmin [3E19F630977DA36B6AFFE1629426AB48] [GET] [/success] [1ms] [OK]
2018-06-17 15:26:44.132 [http-nio-8080-exec-3] INFO  c.t.config.loging.RequestInterceptor -
				Visitor [3E19F630977DA36B6AFFE1629426AB48] [GET] [/error] [1ms] [OK]
2018-06-17 15:27:35.555 [http-nio-8080-exec-5] INFO  c.t.config.loging.RequestInterceptor -
				EmbraceAdmin [3E19F630977DA36B6AFFE1629426AB48] [GET] [/index1] [0ms] [OK]
2018-06-17 15:27:35.937 [http-nio-8080-exec-3] INFO  c.t.config.loging.RequestInterceptor -
				EmbraceAdmin [3E19F630977DA36B6AFFE1629426AB48] [GET] [/success] [1ms] [OK]
2018-06-17 15:27:35.975 [http-nio-8080-exec-2] INFO  c.t.config.loging.RequestInterceptor -
				Visitor [3E19F630977DA36B6AFFE1629426AB48] [GET] [/error] [2ms] [OK]
2018-06-17 15:29:56.306 [http-nio-8080-exec-4] INFO  c.t.config.loging.RequestInterceptor -
				EmbraceAdmin [3E19F630977DA36B6AFFE1629426AB48] [GET] [/index1] [0ms] [OK]
2018-06-17 15:29:56.416 [http-nio-8080-exec-1] INFO  c.t.config.loging.RequestInterceptor -
				Visitor [3E19F630977DA36B6AFFE1629426AB48] [GET] [/error] [1ms] [OK]
2018-06-17 15:29:56.850 [http-nio-8080-exec-3] INFO  c.t.config.loging.RequestInterceptor -
				EmbraceAdmin [3E19F630977DA36B6AFFE1629426AB48] [GET] [/success] [1ms] [OK]
2018-06-17 15:29:56.901 [http-nio-8080-exec-5] INFO  c.t.config.loging.RequestInterceptor -
				Visitor [3E19F630977DA36B6AFFE1629426AB48] [GET] [/error] [2ms] [OK]
2018-06-17 15:30:00.868 [http-nio-8080-exec-8] INFO  c.t.config.loging.RequestInterceptor -
				EmbraceAdmin [3E19F630977DA36B6AFFE1629426AB48] [GET] [/index1] [1ms] [OK]
2018-06-17 15:30:00.967 [http-nio-8080-exec-4] INFO  c.t.config.loging.RequestInterceptor -
				Visitor [3E19F630977DA36B6AFFE1629426AB48] [GET] [/error] [4ms] [OK]
2018-06-17 15:30:01.191 [http-nio-8080-exec-7] INFO  c.t.config.loging.RequestInterceptor -
				Visitor [3E19F630977DA36B6AFFE1629426AB48] [GET] [/error] [1ms] [OK]
2018-06-17 15:30:01.199 [http-nio-8080-exec-8] INFO  c.t.config.loging.RequestInterceptor -
				EmbraceAdmin [3E19F630977DA36B6AFFE1629426AB48] [GET] [/success] [1ms] [OK]
2018-06-17 15:37:25.646 [http-nio-8080-exec-4] INFO  c.t.config.loging.RequestInterceptor -
				EmbraceAdmin [3E19F630977DA36B6AFFE1629426AB48] [GET] [/index1] [0ms] [OK]
2018-06-17 15:37:27.923 [http-nio-8080-exec-9] INFO  c.t.config.loging.RequestInterceptor -
				Visitor [3E19F630977DA36B6AFFE1629426AB48] [GET] [/error] [1ms] [OK]
2018-06-17 15:37:27.965 [http-nio-8080-exec-4] INFO  c.t.config.loging.RequestInterceptor -
				Visitor [3E19F630977DA36B6AFFE1629426AB48] [GET] [/error] [1ms] [OK]
2018-06-17 15:37:27.972 [http-nio-8080-exec-2] INFO  c.t.config.loging.RequestInterceptor -
				Visitor [3E19F630977DA36B6AFFE1629426AB48] [GET] [/error] [0ms] [OK]
2018-06-17 15:37:27.974 [http-nio-8080-exec-1] INFO  c.t.config.loging.RequestInterceptor -
				Visitor [3E19F630977DA36B6AFFE1629426AB48] [GET] [/error] [1ms] [OK]
2018-06-17 15:37:40.921 [http-nio-8080-exec-7] INFO  c.t.config.loging.RequestInterceptor -
				anonymousUser [9FF183AD48B55C665DB6DC9276671B03] [GET] [/login] [1ms] [OK]
2018-06-17 15:37:40.935 [http-nio-8080-exec-10] INFO  c.t.config.loging.RequestInterceptor -
				anonymousUser [9FF183AD48B55C665DB6DC9276671B03] [GET] [/login] [1ms] [OK]
2018-06-17 15:37:48.839 [http-nio-8080-exec-10] INFO  c.t.config.loging.RequestInterceptor -
				EmbraceAdmin [BD815C4569CB0256154546B66D67DDB5] [GET] [/success] [1ms] [OK]
2018-06-17 15:37:48.850 [http-nio-8080-exec-2] INFO  c.t.config.loging.RequestInterceptor -
				EmbraceAdmin [BD815C4569CB0256154546B66D67DDB5] [GET] [/index] [0ms] [OK]
2018-06-17 15:37:50.540 [http-nio-8080-exec-2] INFO  c.t.config.loging.RequestInterceptor -
				Visitor [BD815C4569CB0256154546B66D67DDB5] [GET] [/error] [0ms] [OK]
2018-06-17 15:37:55.190 [http-nio-8080-exec-7] INFO  c.t.config.loging.RequestInterceptor -
				Visitor [BD815C4569CB0256154546B66D67DDB5] [GET] [/error] [0ms] [OK]
2018-06-17 15:38:18.181 [http-nio-8080-exec-5] INFO  c.t.config.loging.RequestInterceptor -
				EmbraceAdmin [BD815C4569CB0256154546B66D67DDB5] [GET] [/index1] [1ms] [OK]
2018-06-17 15:38:22.426 [http-nio-8080-exec-4] INFO  c.t.config.loging.RequestInterceptor -
				Visitor [BD815C4569CB0256154546B66D67DDB5] [GET] [/error] [1ms] [OK]
2018-06-17 15:38:23.004 [http-nio-8080-exec-4] INFO  c.t.config.loging.RequestInterceptor -
				Visitor [BD815C4569CB0256154546B66D67DDB5] [GET] [/error] [1ms] [OK]
2018-06-17 15:40:16.909 [http-nio-8080-exec-5] INFO  c.t.config.loging.RequestInterceptor -
				EmbraceAdmin [BD815C4569CB0256154546B66D67DDB5] [GET] [/index1] [0ms] [OK]
2018-06-17 15:40:21.055 [http-nio-8080-exec-4] INFO  c.t.config.loging.RequestInterceptor -
				Visitor [BD815C4569CB0256154546B66D67DDB5] [GET] [/error] [1ms] [OK]
2018-06-17 15:40:21.312 [http-nio-8080-exec-4] INFO  c.t.config.loging.RequestInterceptor -
				Visitor [BD815C4569CB0256154546B66D67DDB5] [GET] [/error] [0ms] [OK]
2018-06-17 15:41:07.352 [http-nio-8080-exec-9] INFO  c.t.config.loging.RequestInterceptor -
				EmbraceAdmin [BD815C4569CB0256154546B66D67DDB5] [GET] [/index1] [0ms] [OK]
2018-06-17 15:41:12.082 [http-nio-8080-exec-5] INFO  c.t.config.loging.RequestInterceptor -
				Visitor [BD815C4569CB0256154546B66D67DDB5] [GET] [/error] [1ms] [OK]
2018-06-17 15:41:12.851 [http-nio-8080-exec-9] INFO  c.t.config.loging.RequestInterceptor -
				Visitor [BD815C4569CB0256154546B66D67DDB5] [GET] [/error] [1ms] [OK]
2018-06-17 15:43:07.238 [http-nio-8080-exec-10] INFO  c.t.config.loging.RequestInterceptor -
				EmbraceAdmin [BD815C4569CB0256154546B66D67DDB5] [GET] [/index1] [0ms] [OK]
2018-06-17 15:43:11.528 [http-nio-8080-exec-5] INFO  c.t.config.loging.RequestInterceptor -
				Visitor [BD815C4569CB0256154546B66D67DDB5] [GET] [/error] [1ms] [OK]
2018-06-17 15:43:11.870 [http-nio-8080-exec-10] INFO  c.t.config.loging.RequestInterceptor -
				EmbraceAdmin [BD815C4569CB0256154546B66D67DDB5] [GET] [/success] [1ms] [OK]
2018-06-17 15:43:42.472 [http-nio-8080-exec-2] INFO  c.t.config.loging.RequestInterceptor -
				anonymousUser [E49A25714301FB19F0C214792D1056A8] [GET] [/login] [0ms] [OK]
2018-06-17 15:43:42.484 [http-nio-8080-exec-3] INFO  c.t.config.loging.RequestInterceptor -
				anonymousUser [E49A25714301FB19F0C214792D1056A8] [GET] [/login] [1ms] [OK]
2018-06-17 15:47:39.142 [http-nio-8080-exec-7] INFO  c.t.config.loging.RequestInterceptor -
				anonymousUser [E49A25714301FB19F0C214792D1056A8] [GET] [/login] [1ms] [OK]
2018-06-17 15:47:39.974 [http-nio-8080-exec-8] INFO  c.t.config.loging.RequestInterceptor -
				anonymousUser [E49A25714301FB19F0C214792D1056A8] [GET] [/login] [0ms] [OK]
2018-06-17 15:47:51.492 [http-nio-8080-exec-9] INFO  c.t.config.loging.RequestInterceptor -
				EmbraceAdmin [26C8C0B0FB1C829B096D4B4226A67A23] [GET] [/success] [1ms] [OK]
2018-06-17 15:47:51.504 [http-nio-8080-exec-4] INFO  c.t.config.loging.RequestInterceptor -
				EmbraceAdmin [26C8C0B0FB1C829B096D4B4226A67A23] [GET] [/index1] [0ms] [OK]
2018-06-17 15:47:51.616 [http-nio-8080-exec-6] INFO  c.t.config.loging.RequestInterceptor -
				Visitor [26C8C0B0FB1C829B096D4B4226A67A23] [GET] [/error] [2ms] [OK]
2018-06-17 15:47:52.342 [http-nio-8080-exec-3] INFO  c.t.config.loging.RequestInterceptor -
				EmbraceAdmin [26C8C0B0FB1C829B096D4B4226A67A23] [GET] [/success] [1ms] [OK]
2018-06-17 15:47:55.449 [http-nio-8080-exec-1] INFO  c.t.config.loging.RequestInterceptor -
				Visitor [26C8C0B0FB1C829B096D4B4226A67A23] [GET] [/error] [2ms] [OK]
2018-06-17 15:48:04.295 [http-nio-8080-exec-9] INFO  c.t.config.loging.RequestInterceptor -
				EmbraceAdmin [26C8C0B0FB1C829B096D4B4226A67A23] [GET] [/index1] [0ms] [OK]
2018-06-17 15:48:04.439 [http-nio-8080-exec-5] INFO  c.t.config.loging.RequestInterceptor -
				Visitor [26C8C0B0FB1C829B096D4B4226A67A23] [GET] [/error] [1ms] [OK]
2018-06-17 15:48:04.962 [http-nio-8080-exec-5] INFO  c.t.config.loging.RequestInterceptor -
				EmbraceAdmin [26C8C0B0FB1C829B096D4B4226A67A23] [GET] [/success] [1ms] [OK]
2018-06-17 15:48:13.076 [http-nio-8080-exec-4] INFO  c.t.config.loging.RequestInterceptor -
				Visitor [26C8C0B0FB1C829B096D4B4226A67A23] [GET] [/error] [1ms] [OK]
2018-06-17 15:48:14.427 [http-nio-8080-exec-7] INFO  c.t.config.loging.RequestInterceptor -
				EmbraceAdmin [26C8C0B0FB1C829B096D4B4226A67A23] [GET] [/index1] [0ms] [OK]
2018-06-17 15:48:14.544 [http-nio-8080-exec-10] INFO  c.t.config.loging.RequestInterceptor -
				Visitor [26C8C0B0FB1C829B096D4B4226A67A23] [GET] [/error] [1ms] [OK]
2018-06-17 15:48:15.071 [http-nio-8080-exec-6] INFO  c.t.config.loging.RequestInterceptor -
				EmbraceAdmin [26C8C0B0FB1C829B096D4B4226A67A23] [GET] [/success] [2ms] [OK]
2018-06-17 15:48:15.192 [http-nio-8080-exec-1] INFO  c.t.config.loging.RequestInterceptor -
				Visitor [26C8C0B0FB1C829B096D4B4226A67A23] [GET] [/error] [1ms] [OK]
2018-06-17 15:55:37.013 [http-nio-8080-exec-9] INFO  c.t.config.loging.RequestInterceptor -
				EmbraceAdmin [26C8C0B0FB1C829B096D4B4226A67A23] [GET] [/index1] [1ms] [OK]
2018-06-17 15:55:37.154 [http-nio-8080-exec-7] INFO  c.t.config.loging.RequestInterceptor -
				Visitor [26C8C0B0FB1C829B096D4B4226A67A23] [GET] [/error] [1ms] [OK]
2018-06-17 15:55:37.826 [http-nio-8080-exec-6] INFO  c.t.config.loging.RequestInterceptor -
				EmbraceAdmin [26C8C0B0FB1C829B096D4B4226A67A23] [GET] [/success] [1ms] [OK]
2018-06-17 15:55:37.947 [http-nio-8080-exec-9] INFO  c.t.config.loging.RequestInterceptor -
				Visitor [26C8C0B0FB1C829B096D4B4226A67A23] [GET] [/error] [0ms] [OK]
2018-06-17 15:58:16.882 [http-nio-8080-exec-5] INFO  c.t.config.loging.RequestInterceptor -
				EmbraceAdmin [26C8C0B0FB1C829B096D4B4226A67A23] [GET] [/index1] [0ms] [OK]
2018-06-17 15:58:17.055 [http-nio-8080-exec-7] INFO  c.t.config.loging.RequestInterceptor -
				Visitor [26C8C0B0FB1C829B096D4B4226A67A23] [GET] [/error] [2ms] [OK]
2018-06-17 15:58:17.619 [http-nio-8080-exec-4] INFO  c.t.config.loging.RequestInterceptor -
				EmbraceAdmin [26C8C0B0FB1C829B096D4B4226A67A23] [GET] [/success] [0ms] [OK]
2018-06-17 15:58:17.725 [http-nio-8080-exec-6] INFO  c.t.config.loging.RequestInterceptor -
				Visitor [26C8C0B0FB1C829B096D4B4226A67A23] [GET] [/error] [1ms] [OK]
2018-06-17 15:59:35.631 [http-nio-8080-exec-10] INFO  c.t.config.loging.RequestInterceptor -
				EmbraceAdmin [26C8C0B0FB1C829B096D4B4226A67A23] [GET] [/index1] [0ms] [OK]
2018-06-17 15:59:35.822 [http-nio-8080-exec-3] INFO  c.t.config.loging.RequestInterceptor -
				Visitor [26C8C0B0FB1C829B096D4B4226A67A23] [GET] [/error] [1ms] [OK]
2018-06-17 15:59:36.391 [http-nio-8080-exec-9] INFO  c.t.config.loging.RequestInterceptor -
				EmbraceAdmin [26C8C0B0FB1C829B096D4B4226A67A23] [GET] [/success] [1ms] [OK]
2018-06-17 15:59:36.508 [http-nio-8080-exec-8] INFO  c.t.config.loging.RequestInterceptor -
				Visitor [26C8C0B0FB1C829B096D4B4226A67A23] [GET] [/error] [3ms] [OK]
2018-06-17 16:00:01.263 [http-nio-8080-exec-6] INFO  c.t.config.loging.RequestInterceptor -
				EmbraceAdmin [26C8C0B0FB1C829B096D4B4226A67A23] [GET] [/index1] [0ms] [OK]
2018-06-17 16:00:01.424 [http-nio-8080-exec-5] INFO  c.t.config.loging.RequestInterceptor -
				Visitor [26C8C0B0FB1C829B096D4B4226A67A23] [GET] [/error] [0ms] [OK]
2018-06-17 16:00:02.016 [http-nio-8080-exec-2] INFO  c.t.config.loging.RequestInterceptor -
				EmbraceAdmin [26C8C0B0FB1C829B096D4B4226A67A23] [GET] [/success] [3ms] [OK]
2018-06-17 16:00:41.676 [http-nio-8080-exec-10] INFO  c.t.config.loging.RequestInterceptor -
				Visitor [26C8C0B0FB1C829B096D4B4226A67A23] [GET] [/error] [1ms] [OK]
2018-06-17 16:10:34.473 [http-nio-8080-exec-4] INFO  c.t.config.loging.RequestInterceptor -
				EmbraceAdmin [26C8C0B0FB1C829B096D4B4226A67A23] [GET] [/index1] [0ms] [OK]
2018-06-17 16:10:34.625 [http-nio-8080-exec-3] INFO  c.t.config.loging.RequestInterceptor -
				Visitor [26C8C0B0FB1C829B096D4B4226A67A23] [GET] [/error] [1ms] [OK]
2018-06-17 16:10:35.253 [http-nio-8080-exec-10] INFO  c.t.config.loging.RequestInterceptor -
				EmbraceAdmin [26C8C0B0FB1C829B096D4B4226A67A23] [GET] [/success] [1ms] [OK]
2018-06-17 16:10:47.173 [http-nio-8080-exec-8] INFO  c.t.config.loging.RequestInterceptor -
				Visitor [26C8C0B0FB1C829B096D4B4226A67A23] [GET] [/error] [2ms] [OK]
2018-06-17 16:10:50.480 [http-nio-8080-exec-2] INFO  c.t.config.loging.RequestInterceptor -
				anonymousUser [A1F3802CFC74E41A20C83DEE91AFFE34] [GET] [/login] [0ms] [OK]
2018-06-17 16:10:51.243 [http-nio-8080-exec-5] INFO  c.t.config.loging.RequestInterceptor -
				anonymousUser [A1F3802CFC74E41A20C83DEE91AFFE34] [GET] [/login] [0ms] [OK]
2018-06-17 16:10:52.984 [http-nio-8080-exec-2] INFO  c.t.config.loging.RequestInterceptor -
				EmbraceAdmin [14D7BE6301BB6D9E44E3DBCE920BB3E0] [GET] [/success] [1ms] [OK]
2018-06-17 16:10:52.995 [http-nio-8080-exec-9] INFO  c.t.config.loging.RequestInterceptor -
				EmbraceAdmin [14D7BE6301BB6D9E44E3DBCE920BB3E0] [GET] [/index1] [1ms] [OK]
2018-06-17 16:10:53.086 [http-nio-8080-exec-1] INFO  c.t.config.loging.RequestInterceptor -
				Visitor [14D7BE6301BB6D9E44E3DBCE920BB3E0] [GET] [/error] [1ms] [OK]
2018-06-17 16:10:53.605 [http-nio-8080-exec-5] INFO  c.t.config.loging.RequestInterceptor -
				EmbraceAdmin [14D7BE6301BB6D9E44E3DBCE920BB3E0] [GET] [/success] [1ms] [OK]
2018-06-17 16:10:53.720 [http-nio-8080-exec-9] INFO  c.t.config.loging.RequestInterceptor -
				Visitor [14D7BE6301BB6D9E44E3DBCE920BB3E0] [GET] [/error] [1ms] [OK]
2018-06-17 16:11:43.823 [http-nio-8080-exec-1] INFO  c.t.config.loging.RequestInterceptor -
				EmbraceAdmin [14D7BE6301BB6D9E44E3DBCE920BB3E0] [GET] [/index1] [0ms] [OK]
2018-06-17 16:11:43.970 [http-nio-8080-exec-1] INFO  c.t.config.loging.RequestInterceptor -
				Visitor [14D7BE6301BB6D9E44E3DBCE920BB3E0] [GET] [/error] [1ms] [OK]
2018-06-17 16:11:44.635 [http-nio-8080-exec-4] INFO  c.t.config.loging.RequestInterceptor -
				Visitor [14D7BE6301BB6D9E44E3DBCE920BB3E0] [GET] [/error] [0ms] [OK]
2018-06-17 16:11:44.759 [http-nio-8080-exec-2] INFO  c.t.config.loging.RequestInterceptor -
				Visitor [14D7BE6301BB6D9E44E3DBCE920BB3E0] [GET] [/error] [0ms] [OK]
2018-06-17 16:11:51.069 [http-nio-8080-exec-5] INFO  c.t.config.loging.RequestInterceptor -
				EmbraceAdmin [14D7BE6301BB6D9E44E3DBCE920BB3E0] [GET] [/index1] [0ms] [OK]
2018-06-17 16:11:51.188 [http-nio-8080-exec-3] INFO  c.t.config.loging.RequestInterceptor -
				Visitor [14D7BE6301BB6D9E44E3DBCE920BB3E0] [GET] [/error] [1ms] [OK]
2018-06-17 16:11:51.801 [http-nio-8080-exec-5] INFO  c.t.config.loging.RequestInterceptor -
				Visitor [14D7BE6301BB6D9E44E3DBCE920BB3E0] [GET] [/error] [1ms] [OK]
2018-06-17 16:11:51.922 [http-nio-8080-exec-4] INFO  c.t.config.loging.RequestInterceptor -
				Visitor [14D7BE6301BB6D9E44E3DBCE920BB3E0] [GET] [/error] [1ms] [OK]
2018-06-17 16:11:55.707 [http-nio-8080-exec-6] INFO  c.t.config.loging.RequestInterceptor -
				anonymousUser [6347BE8670BF2A156D916F6959284EE6] [GET] [/login] [0ms] [OK]
2018-06-17 16:11:56.337 [http-nio-8080-exec-4] INFO  c.t.config.loging.RequestInterceptor -
				anonymousUser [6347BE8670BF2A156D916F6959284EE6] [GET] [/login] [0ms] [OK]
2018-06-17 16:11:57.789 [http-nio-8080-exec-3] INFO  c.t.config.loging.RequestInterceptor -
				EmbraceAdmin [61DCD3C2F1B1D136CB2084CBCEC81EB5] [GET] [/success] [1ms] [OK]
2018-06-17 16:11:57.799 [http-nio-8080-exec-2] INFO  c.t.config.loging.RequestInterceptor -
				EmbraceAdmin [61DCD3C2F1B1D136CB2084CBCEC81EB5] [GET] [/index1] [0ms] [OK]
2018-06-17 16:11:57.889 [http-nio-8080-exec-10] INFO  c.t.config.loging.RequestInterceptor -
				Visitor [61DCD3C2F1B1D136CB2084CBCEC81EB5] [GET] [/error] [1ms] [OK]
2018-06-17 16:11:58.362 [http-nio-8080-exec-2] INFO  c.t.config.loging.RequestInterceptor -
				Visitor [61DCD3C2F1B1D136CB2084CBCEC81EB5] [GET] [/error] [1ms] [OK]
2018-06-17 16:11:58.472 [http-nio-8080-exec-5] INFO  c.t.config.loging.RequestInterceptor -
				Visitor [61DCD3C2F1B1D136CB2084CBCEC81EB5] [GET] [/error] [1ms] [OK]
2018-06-17 16:12:26.348 [http-nio-8080-exec-10] INFO  c.t.config.loging.RequestInterceptor -
				EmbraceAdmin [61DCD3C2F1B1D136CB2084CBCEC81EB5] [GET] [/index1] [1ms] [OK]
2018-06-17 16:12:26.518 [http-nio-8080-exec-8] INFO  c.t.config.loging.RequestInterceptor -
				Visitor [61DCD3C2F1B1D136CB2084CBCEC81EB5] [GET] [/error] [2ms] [OK]
2018-06-17 16:12:27.074 [http-nio-8080-exec-2] INFO  c.t.config.loging.RequestInterceptor -
				Visitor [61DCD3C2F1B1D136CB2084CBCEC81EB5] [GET] [/error] [1ms] [OK]
2018-06-17 16:12:38.913 [http-nio-8080-exec-3] INFO  c.t.config.loging.RequestInterceptor -
				Visitor [61DCD3C2F1B1D136CB2084CBCEC81EB5] [GET] [/error] [1ms] [OK]
2018-06-17 16:12:41.520 [http-nio-8080-exec-4] INFO  c.t.config.loging.RequestInterceptor -
				anonymousUser [36BDB83177FA0F0E3CB83F30691DA7D9] [GET] [/login] [0ms] [OK]
2018-06-17 16:12:42.282 [http-nio-8080-exec-2] INFO  c.t.config.loging.RequestInterceptor -
				anonymousUser [36BDB83177FA0F0E3CB83F30691DA7D9] [GET] [/login] [0ms] [OK]
2018-06-17 16:12:43.638 [http-nio-8080-exec-8] INFO  c.t.config.loging.RequestInterceptor -
				EmbraceAdmin [4D97E4CC25EC9B9043D6B109532D0D81] [GET] [/success] [1ms] [OK]
2018-06-17 16:12:43.648 [http-nio-8080-exec-6] INFO  c.t.config.loging.RequestInterceptor -
				EmbraceAdmin [4D97E4CC25EC9B9043D6B109532D0D81] [GET] [/index1] [0ms] [OK]
2018-06-17 16:12:43.731 [http-nio-8080-exec-8] INFO  c.t.config.loging.RequestInterceptor -
				Visitor [4D97E4CC25EC9B9043D6B109532D0D81] [GET] [/error] [1ms] [OK]
2018-06-17 16:12:44.247 [http-nio-8080-exec-9] INFO  c.t.config.loging.RequestInterceptor -
				Visitor [4D97E4CC25EC9B9043D6B109532D0D81] [GET] [/error] [0ms] [OK]
2018-06-17 16:12:54.554 [http-nio-8080-exec-5] INFO  c.t.config.loging.RequestInterceptor -
				Visitor [4D97E4CC25EC9B9043D6B109532D0D81] [GET] [/error] [1ms] [OK]
2018-06-17 16:38:18.028 [main] INFO  com.test.Application -
				Starting Application on PU-NB-RSONI with PID 9740 (C:\Users\rasoni\Desktop\Personal\personalProject\spring-boot-jpa-gradle-backbone-template\template\template-web\bin started by rasoni in C:\Users\rasoni\Desktop\Personal\personalProject\spring-boot-jpa-gradle-backbone-template\template\template-web)
2018-06-17 16:38:28.346 [main] INFO  com.test.Application -
				Started Application in 10.575 seconds (JVM running for 11.511)
2018-06-17 16:39:00.852 [http-nio-8080-exec-2] INFO  c.t.config.loging.RequestInterceptor -
				anonymousUser [7858790F7BE38AA06BCFD6EDEEF5C945] [GET] [/login] [4ms] [OK]
2018-06-17 16:39:01.922 [http-nio-8080-exec-1] INFO  c.t.config.loging.RequestInterceptor -
				anonymousUser [7858790F7BE38AA06BCFD6EDEEF5C945] [GET] [/login] [0ms] [OK]
2018-06-17 16:39:10.018 [http-nio-8080-exec-4] INFO  c.t.config.loging.RequestInterceptor -
				EmbraceAdmin [7A9F4DD69F7B6C322E818E9FF8FFCD95] [GET] [/success] [96ms] [OK]
2018-06-17 16:39:10.053 [http-nio-8080-exec-6] INFO  c.t.config.loging.RequestInterceptor -
				EmbraceAdmin [7A9F4DD69F7B6C322E818E9FF8FFCD95] [GET] [/index1] [1ms] [OK]
2018-06-17 16:39:10.291 [http-nio-8080-exec-5] INFO  c.t.config.loging.RequestInterceptor -
				Visitor [7A9F4DD69F7B6C322E818E9FF8FFCD95] [GET] [/error] [80ms] [OK]
2018-06-17 16:39:10.906 [http-nio-8080-exec-1] INFO  c.t.config.loging.RequestInterceptor -
				Visitor [7A9F4DD69F7B6C322E818E9FF8FFCD95] [GET] [/error] [2ms] [OK]
2018-06-17 16:39:40.008 [http-nio-8080-exec-5] INFO  c.t.config.loging.RequestInterceptor -
				Visitor [7A9F4DD69F7B6C322E818E9FF8FFCD95] [GET] [/error] [1ms] [OK]
2018-06-17 16:39:52.889 [http-nio-8080-exec-7] INFO  c.t.config.loging.RequestInterceptor -
				anonymousUser [284D1AC8417B7E6A59BFCB2DD24C54A1] [GET] [/login] [1ms] [OK]
2018-06-17 16:39:53.693 [http-nio-8080-exec-10] INFO  c.t.config.loging.RequestInterceptor -
				anonymousUser [284D1AC8417B7E6A59BFCB2DD24C54A1] [GET] [/login] [1ms] [OK]
2018-06-17 16:40:04.308 [http-nio-8080-exec-6] INFO  c.t.config.loging.RequestInterceptor -
				EmbraceAdmin [4B4706777262AD6BB9AC9E8A08A65FE0] [GET] [/success] [2ms] [OK]
2018-06-17 16:40:04.337 [http-nio-8080-exec-2] INFO  c.t.config.loging.RequestInterceptor -
				EmbraceAdmin [4B4706777262AD6BB9AC9E8A08A65FE0] [GET] [/index1] [1ms] [OK]
2018-06-17 16:40:04.494 [http-nio-8080-exec-6] INFO  c.t.config.loging.RequestInterceptor -
				Visitor [4B4706777262AD6BB9AC9E8A08A65FE0] [GET] [/error] [1ms] [OK]
2018-06-17 16:40:05.245 [http-nio-8080-exec-8] INFO  c.t.config.loging.RequestInterceptor -
				Visitor [4B4706777262AD6BB9AC9E8A08A65FE0] [GET] [/error] [1ms] [OK]
2018-06-17 16:40:15.721 [http-nio-8080-exec-9] INFO  c.t.config.loging.RequestInterceptor -
				Visitor [4B4706777262AD6BB9AC9E8A08A65FE0] [GET] [/error] [2ms] [OK]
2018-06-17 16:40:54.230 [http-nio-8080-exec-7] INFO  c.t.config.loging.RequestInterceptor -
				anonymousUser [499EB70FDAF7734A87CE95862FE7CFBC] [GET] [/login] [1ms] [OK]
2018-06-17 16:40:55.194 [http-nio-8080-exec-6] INFO  c.t.config.loging.RequestInterceptor -
				anonymousUser [499EB70FDAF7734A87CE95862FE7CFBC] [GET] [/login] [0ms] [OK]
2018-06-17 16:41:02.565 [http-nio-8080-exec-1] INFO  c.t.config.loging.RequestInterceptor -
				EmbraceAdmin [C6CFF4E7CA95A041EDD0D1F526C842C9] [GET] [/success] [1ms] [OK]
2018-06-17 16:41:02.589 [http-nio-8080-exec-8] INFO  c.t.config.loging.RequestInterceptor -
				EmbraceAdmin [C6CFF4E7CA95A041EDD0D1F526C842C9] [GET] [/index1] [0ms] [OK]
2018-06-17 16:41:02.739 [http-nio-8080-exec-10] INFO  c.t.config.loging.RequestInterceptor -
				Visitor [C6CFF4E7CA95A041EDD0D1F526C842C9] [GET] [/error] [1ms] [OK]
2018-06-17 16:41:03.439 [http-nio-8080-exec-2] INFO  c.t.config.loging.RequestInterceptor -
				EmbraceAdmin [C6CFF4E7CA95A041EDD0D1F526C842C9] [GET] [/success] [2ms] [OK]
2018-06-17 16:41:03.595 [http-nio-8080-exec-9] INFO  c.t.config.loging.RequestInterceptor -
				Visitor [C6CFF4E7CA95A041EDD0D1F526C842C9] [GET] [/error] [4ms] [OK]
2018-06-17 16:41:37.613 [http-nio-8080-exec-5] INFO  c.t.config.loging.RequestInterceptor -
				anonymousUser [A5BBB03777F98D393B930A4F4D75A6F3] [GET] [/login] [0ms] [OK]
2018-06-17 16:41:38.512 [http-nio-8080-exec-5] INFO  c.t.config.loging.RequestInterceptor -
				anonymousUser [A5BBB03777F98D393B930A4F4D75A6F3] [GET] [/login] [0ms] [OK]
2018-06-17 16:42:48.556 [main] INFO  com.test.Application -
				Starting Application on PU-NB-RSONI with PID 4532 (C:\Users\rasoni\Desktop\Personal\personalProject\spring-boot-jpa-gradle-backbone-template\template\template-web\bin started by rasoni in C:\Users\rasoni\Desktop\Personal\personalProject\spring-boot-jpa-gradle-backbone-template\template\template-web)
2018-06-17 16:43:02.964 [main] INFO  com.test.Application -
				Started Application in 14.663 seconds (JVM running for 15.649)
2018-06-17 16:43:57.171 [http-nio-8080-exec-2] INFO  c.t.config.loging.RequestInterceptor -
				EmbraceAdmin [154FC73D49263330711D0713DC651D3E] [GET] [/success] [36257ms] [NOK]
2018-06-17 16:43:57.231 [http-nio-8080-exec-3] INFO  c.t.config.loging.RequestInterceptor -
				EmbraceAdmin [154FC73D49263330711D0713DC651D3E] [GET] [/index1] [1ms] [OK]
2018-06-17 16:43:57.565 [http-nio-8080-exec-3] INFO  c.t.config.loging.RequestInterceptor -
				Visitor [154FC73D49263330711D0713DC651D3E] [GET] [/error] [48ms] [OK]
2018-06-17 16:44:54.847 [http-nio-8080-exec-7] INFO  c.t.config.loging.RequestInterceptor -
				EmbraceAdmin [154FC73D49263330711D0713DC651D3E] [GET] [/success] [56576ms] [NOK]
2018-06-17 16:44:55.048 [http-nio-8080-exec-3] INFO  c.t.config.loging.RequestInterceptor -
				Visitor [154FC73D49263330711D0713DC651D3E] [GET] [/error] [2ms] [OK]
2018-06-17 16:45:46.752 [http-nio-8080-exec-10] INFO  c.t.config.loging.RequestInterceptor -
				anonymousUser [338CADBBD76EED05E6712B32B9C1A39D] [GET] [/login] [0ms] [OK]
2018-06-17 16:45:47.563 [http-nio-8080-exec-2] INFO  c.t.config.loging.RequestInterceptor -
				anonymousUser [338CADBBD76EED05E6712B32B9C1A39D] [GET] [/login] [1ms] [OK]
2018-06-17 16:47:28.099 [http-nio-8080-exec-7] INFO  c.t.config.loging.RequestInterceptor -
				EmbraceAdmin [DDA91AF4DEE3D2AAACE4A33C87CAA31A] [GET] [/success] [65579ms] [NOK]
2018-06-17 16:47:28.148 [http-nio-8080-exec-4] INFO  c.t.config.loging.RequestInterceptor -
				EmbraceAdmin [DDA91AF4DEE3D2AAACE4A33C87CAA31A] [GET] [/index1] [1ms] [OK]
2018-06-17 16:47:28.409 [http-nio-8080-exec-7] INFO  c.t.config.loging.RequestInterceptor -
				Visitor [DDA91AF4DEE3D2AAACE4A33C87CAA31A] [GET] [/error] [1ms] [OK]
2018-06-17 16:47:43.978 [http-nio-8080-exec-9] INFO  c.t.config.loging.RequestInterceptor -
				EmbraceAdmin [DDA91AF4DEE3D2AAACE4A33C87CAA31A] [GET] [/success] [14872ms] [NOK]
2018-06-17 16:47:44.211 [http-nio-8080-exec-3] INFO  c.t.config.loging.RequestInterceptor -
				Visitor [DDA91AF4DEE3D2AAACE4A33C87CAA31A] [GET] [/error] [1ms] [OK]
2018-06-17 16:48:19.270 [http-nio-8080-exec-1] INFO  c.t.config.loging.RequestInterceptor -
				anonymousUser [C2387320B162ADCF9D2A67F44BB6DFDC] [GET] [/login] [0ms] [OK]
2018-06-17 16:48:20.018 [http-nio-8080-exec-8] INFO  c.t.config.loging.RequestInterceptor -
				anonymousUser [C2387320B162ADCF9D2A67F44BB6DFDC] [GET] [/login] [1ms] [OK]
2018-06-17 16:49:46.250 [http-nio-8080-exec-6] INFO  c.t.config.loging.RequestInterceptor -
				EmbraceAdmin [C3151DDCE8414009871BC3A7A356319B] [GET] [/success] [27198ms] [NOK]
2018-06-17 16:49:46.333 [http-nio-8080-exec-10] INFO  c.t.config.loging.RequestInterceptor -
				EmbraceAdmin [C3151DDCE8414009871BC3A7A356319B] [GET] [/index1] [0ms] [OK]
2018-06-17 16:49:46.547 [http-nio-8080-exec-4] INFO  c.t.config.loging.RequestInterceptor -
				Visitor [C3151DDCE8414009871BC3A7A356319B] [GET] [/error] [1ms] [OK]
2018-06-17 16:49:54.289 [http-nio-8080-exec-3] INFO  c.t.config.loging.RequestInterceptor -
				EmbraceAdmin [C3151DDCE8414009871BC3A7A356319B] [GET] [/success] [7132ms] [SLOW]
2018-06-17 16:49:54.409 [http-nio-8080-exec-8] INFO  c.t.config.loging.RequestInterceptor -
				Visitor [C3151DDCE8414009871BC3A7A356319B] [GET] [/error] [3ms] [OK]
2018-06-17 16:49:54.509 [http-nio-8080-exec-10] INFO  c.t.config.loging.RequestInterceptor -
				Visitor [C3151DDCE8414009871BC3A7A356319B] [GET] [/error] [1ms] [OK]
2018-06-17 16:55:34.479 [http-nio-8080-exec-4] INFO  c.t.config.loging.RequestInterceptor -
				EmbraceAdmin [C3151DDCE8414009871BC3A7A356319B] [GET] [/index1] [0ms] [OK]
2018-06-17 16:55:34.653 [http-nio-8080-exec-10] INFO  c.t.config.loging.RequestInterceptor -
				Visitor [C3151DDCE8414009871BC3A7A356319B] [GET] [/error] [1ms] [OK]
2018-06-17 16:55:40.385 [http-nio-8080-exec-4] INFO  c.t.config.loging.RequestInterceptor -
				EmbraceAdmin [C3151DDCE8414009871BC3A7A356319B] [GET] [/success] [5170ms] [SLOW]
2018-06-17 16:55:40.607 [http-nio-8080-exec-6] INFO  c.t.config.loging.RequestInterceptor -
				Visitor [C3151DDCE8414009871BC3A7A356319B] [GET] [/error] [2ms] [OK]
2018-06-17 16:55:55.685 [http-nio-8080-exec-1] INFO  c.t.config.loging.RequestInterceptor -
				Visitor [C3151DDCE8414009871BC3A7A356319B] [POST] [/error] [1ms] [OK]
2018-06-17 16:55:57.895 [http-nio-8080-exec-8] INFO  c.t.config.loging.RequestInterceptor -
				EmbraceAdmin [C3151DDCE8414009871BC3A7A356319B] [GET] [/index1] [0ms] [OK]
2018-06-17 16:55:58.056 [http-nio-8080-exec-10] INFO  c.t.config.loging.RequestInterceptor -
				Visitor [C3151DDCE8414009871BC3A7A356319B] [GET] [/error] [1ms] [OK]
2018-06-17 16:55:58.544 [http-nio-8080-exec-9] INFO  c.t.config.loging.RequestInterceptor -
				EmbraceAdmin [C3151DDCE8414009871BC3A7A356319B] [GET] [/success] [1ms] [OK]
2018-06-17 16:55:58.697 [http-nio-8080-exec-7] INFO  c.t.config.loging.RequestInterceptor -
				Visitor [C3151DDCE8414009871BC3A7A356319B] [GET] [/error] [1ms] [OK]
2018-06-17 16:57:45.404 [http-nio-8080-exec-2] INFO  c.t.config.loging.RequestInterceptor -
				EmbraceAdmin [C3151DDCE8414009871BC3A7A356319B] [GET] [/index1] [1ms] [OK]
2018-06-17 16:57:45.552 [http-nio-8080-exec-5] INFO  c.t.config.loging.RequestInterceptor -
				Visitor [C3151DDCE8414009871BC3A7A356319B] [GET] [/error] [1ms] [OK]
2018-06-17 16:57:46.318 [http-nio-8080-exec-2] INFO  c.t.config.loging.RequestInterceptor -
				EmbraceAdmin [C3151DDCE8414009871BC3A7A356319B] [GET] [/success] [2ms] [OK]
2018-06-17 16:57:46.477 [http-nio-8080-exec-8] INFO  c.t.config.loging.RequestInterceptor -
				Visitor [C3151DDCE8414009871BC3A7A356319B] [GET] [/error] [1ms] [OK]
2018-06-17 17:05:29.149 [http-nio-8080-exec-4] INFO  c.t.config.loging.RequestInterceptor -
				EmbraceAdmin [C3151DDCE8414009871BC3A7A356319B] [GET] [/index1] [0ms] [OK]
2018-06-17 17:05:29.294 [http-nio-8080-exec-10] INFO  c.t.config.loging.RequestInterceptor -
				Visitor [C3151DDCE8414009871BC3A7A356319B] [GET] [/error] [1ms] [OK]
2018-06-17 17:05:29.896 [http-nio-8080-exec-10] INFO  c.t.config.loging.RequestInterceptor -
				EmbraceAdmin [C3151DDCE8414009871BC3A7A356319B] [GET] [/success] [1ms] [OK]
2018-06-17 17:05:30.026 [http-nio-8080-exec-6] INFO  c.t.config.loging.RequestInterceptor -
				Visitor [C3151DDCE8414009871BC3A7A356319B] [GET] [/error] [1ms] [OK]
2018-06-17 17:15:15.857 [http-nio-8080-exec-4] INFO  c.t.config.loging.RequestInterceptor -
				EmbraceAdmin [C3151DDCE8414009871BC3A7A356319B] [GET] [/index1] [0ms] [OK]
2018-06-17 17:15:16.083 [http-nio-8080-exec-6] INFO  c.t.config.loging.RequestInterceptor -
				Visitor [C3151DDCE8414009871BC3A7A356319B] [GET] [/error] [14ms] [OK]
2018-06-17 17:15:16.828 [http-nio-8080-exec-1] INFO  c.t.config.loging.RequestInterceptor -
				EmbraceAdmin [C3151DDCE8414009871BC3A7A356319B] [GET] [/success] [1ms] [OK]
2018-06-17 17:15:17.022 [http-nio-8080-exec-5] INFO  c.t.config.loging.RequestInterceptor -
				Visitor [C3151DDCE8414009871BC3A7A356319B] [GET] [/error] [1ms] [OK]
2018-06-17 17:15:27.250 [http-nio-8080-exec-7] INFO  c.t.config.loging.RequestInterceptor -
				EmbraceAdmin [C3151DDCE8414009871BC3A7A356319B] [GET] [/index1] [1ms] [OK]
2018-06-17 17:15:27.436 [http-nio-8080-exec-2] INFO  c.t.config.loging.RequestInterceptor -
				Visitor [C3151DDCE8414009871BC3A7A356319B] [GET] [/error] [2ms] [OK]
2018-06-17 17:15:28.041 [http-nio-8080-exec-10] INFO  c.t.config.loging.RequestInterceptor -
				EmbraceAdmin [C3151DDCE8414009871BC3A7A356319B] [GET] [/success] [2ms] [OK]
2018-06-17 17:15:28.190 [http-nio-8080-exec-2] INFO  c.t.config.loging.RequestInterceptor -
				Visitor [C3151DDCE8414009871BC3A7A356319B] [GET] [/error] [1ms] [OK]
2018-06-17 17:20:27.852 [http-nio-8080-exec-1] INFO  c.t.config.loging.RequestInterceptor -
				EmbraceAdmin [C3151DDCE8414009871BC3A7A356319B] [GET] [/index1] [0ms] [OK]
2018-06-17 17:20:28.035 [http-nio-8080-exec-9] INFO  c.t.config.loging.RequestInterceptor -
				Visitor [C3151DDCE8414009871BC3A7A356319B] [GET] [/error] [1ms] [OK]
2018-06-17 17:20:28.716 [http-nio-8080-exec-10] INFO  c.t.config.loging.RequestInterceptor -
				EmbraceAdmin [C3151DDCE8414009871BC3A7A356319B] [GET] [/success] [4ms] [OK]
2018-06-17 17:20:28.874 [http-nio-8080-exec-1] INFO  c.t.config.loging.RequestInterceptor -
				Visitor [C3151DDCE8414009871BC3A7A356319B] [GET] [/error] [2ms] [OK]
2018-06-17 17:20:54.918 [http-nio-8080-exec-5] INFO  c.t.config.loging.RequestInterceptor -
				EmbraceAdmin [C3151DDCE8414009871BC3A7A356319B] [GET] [/index1] [0ms] [OK]
2018-06-17 17:20:55.066 [http-nio-8080-exec-3] INFO  c.t.config.loging.RequestInterceptor -
				Visitor [C3151DDCE8414009871BC3A7A356319B] [GET] [/error] [1ms] [OK]
2018-06-17 17:20:55.604 [http-nio-8080-exec-7] INFO  c.t.config.loging.RequestInterceptor -
				EmbraceAdmin [C3151DDCE8414009871BC3A7A356319B] [GET] [/success] [2ms] [OK]
2018-06-17 17:20:55.772 [http-nio-8080-exec-6] INFO  c.t.config.loging.RequestInterceptor -
				Visitor [C3151DDCE8414009871BC3A7A356319B] [GET] [/error] [1ms] [OK]
2018-06-17 17:21:13.095 [http-nio-8080-exec-10] INFO  c.t.config.loging.RequestInterceptor -
				EmbraceAdmin [C3151DDCE8414009871BC3A7A356319B] [GET] [/index1] [0ms] [OK]
2018-06-17 17:21:13.247 [http-nio-8080-exec-9] INFO  c.t.config.loging.RequestInterceptor -
				Visitor [C3151DDCE8414009871BC3A7A356319B] [GET] [/error] [2ms] [OK]
2018-06-17 17:21:13.846 [http-nio-8080-exec-7] INFO  c.t.config.loging.RequestInterceptor -
				EmbraceAdmin [C3151DDCE8414009871BC3A7A356319B] [GET] [/success] [1ms] [OK]
2018-06-17 17:22:31.620 [http-nio-8080-exec-10] INFO  c.t.config.loging.RequestInterceptor -
				EmbraceAdmin [C3151DDCE8414009871BC3A7A356319B] [GET] [/index1] [0ms] [OK]
2018-06-17 17:22:31.788 [http-nio-8080-exec-9] INFO  c.t.config.loging.RequestInterceptor -
				Visitor [C3151DDCE8414009871BC3A7A356319B] [GET] [/error] [2ms] [OK]
2018-06-17 17:22:32.656 [http-nio-8080-exec-6] INFO  c.t.config.loging.RequestInterceptor -
				Visitor [C3151DDCE8414009871BC3A7A356319B] [GET] [/error] [2ms] [OK]
2018-06-17 17:22:32.701 [http-nio-8080-exec-5] INFO  c.t.config.loging.RequestInterceptor -
				EmbraceAdmin [C3151DDCE8414009871BC3A7A356319B] [GET] [/success] [14ms] [OK]
2018-06-17 17:23:08.065 [http-nio-8080-exec-8] INFO  c.t.config.loging.RequestInterceptor -
				EmbraceAdmin [C3151DDCE8414009871BC3A7A356319B] [GET] [/index1] [0ms] [OK]
2018-06-17 17:23:08.239 [http-nio-8080-exec-3] INFO  c.t.config.loging.RequestInterceptor -
				Visitor [C3151DDCE8414009871BC3A7A356319B] [GET] [/error] [1ms] [OK]
2018-06-17 17:23:08.949 [http-nio-8080-exec-8] INFO  c.t.config.loging.RequestInterceptor -
				EmbraceAdmin [C3151DDCE8414009871BC3A7A356319B] [GET] [/success] [2ms] [OK]
2018-06-17 17:23:16.623 [http-nio-8080-exec-9] INFO  c.t.config.loging.RequestInterceptor -
				EmbraceAdmin [C3151DDCE8414009871BC3A7A356319B] [GET] [/index1] [0ms] [OK]
2018-06-17 17:23:16.800 [http-nio-8080-exec-5] INFO  c.t.config.loging.RequestInterceptor -
				Visitor [C3151DDCE8414009871BC3A7A356319B] [GET] [/error] [2ms] [OK]
2018-06-17 17:23:17.413 [http-nio-8080-exec-9] INFO  c.t.config.loging.RequestInterceptor -
				EmbraceAdmin [C3151DDCE8414009871BC3A7A356319B] [GET] [/success] [1ms] [OK]
2018-06-17 17:23:23.689 [http-nio-8080-exec-3] INFO  c.t.config.loging.RequestInterceptor -
				EmbraceAdmin [C3151DDCE8414009871BC3A7A356319B] [GET] [/index1] [0ms] [OK]
2018-06-17 17:23:23.847 [http-nio-8080-exec-4] INFO  c.t.config.loging.RequestInterceptor -
				Visitor [C3151DDCE8414009871BC3A7A356319B] [GET] [/error] [24ms] [OK]
2018-06-17 17:23:24.422 [http-nio-8080-exec-7] INFO  c.t.config.loging.RequestInterceptor -
				EmbraceAdmin [C3151DDCE8414009871BC3A7A356319B] [GET] [/success] [2ms] [OK]
2018-06-17 17:23:35.568 [http-nio-8080-exec-1] INFO  c.t.config.loging.RequestInterceptor -
				EmbraceAdmin [C3151DDCE8414009871BC3A7A356319B] [GET] [/index1] [0ms] [OK]
2018-06-17 17:23:35.661 [http-nio-8080-exec-5] INFO  c.t.config.loging.RequestInterceptor -
				Visitor [C3151DDCE8414009871BC3A7A356319B] [GET] [/error] [1ms] [OK]
2018-06-17 17:23:36.362 [http-nio-8080-exec-2] INFO  c.t.config.loging.RequestInterceptor -
				EmbraceAdmin [C3151DDCE8414009871BC3A7A356319B] [GET] [/success] [1ms] [OK]
2018-06-17 17:26:10.109 [http-nio-8080-exec-3] INFO  c.t.config.loging.RequestInterceptor -
				EmbraceAdmin [C3151DDCE8414009871BC3A7A356319B] [GET] [/index1] [0ms] [OK]
2018-06-17 17:26:10.279 [http-nio-8080-exec-1] INFO  c.t.config.loging.RequestInterceptor -
				Visitor [C3151DDCE8414009871BC3A7A356319B] [GET] [/error] [0ms] [OK]
2018-06-17 17:26:10.988 [http-nio-8080-exec-7] INFO  c.t.config.loging.RequestInterceptor -
				EmbraceAdmin [C3151DDCE8414009871BC3A7A356319B] [GET] [/success] [2ms] [OK]
2018-06-17 17:27:44.616 [http-nio-8080-exec-3] INFO  c.t.config.loging.RequestInterceptor -
				EmbraceAdmin [C3151DDCE8414009871BC3A7A356319B] [GET] [/index1] [0ms] [OK]
2018-06-17 17:27:44.762 [http-nio-8080-exec-8] INFO  c.t.config.loging.RequestInterceptor -
				Visitor [C3151DDCE8414009871BC3A7A356319B] [GET] [/error] [0ms] [OK]
2018-06-17 17:27:45.249 [http-nio-8080-exec-10] INFO  c.t.config.loging.RequestInterceptor -
				EmbraceAdmin [C3151DDCE8414009871BC3A7A356319B] [GET] [/success] [1ms] [OK]
2018-06-17 17:28:16.495 [http-nio-8080-exec-9] INFO  c.t.config.loging.RequestInterceptor -
				Visitor [C3151DDCE8414009871BC3A7A356319B] [GET] [/error] [0ms] [OK]
2018-06-17 17:29:25.448 [http-nio-8080-exec-1] INFO  c.t.config.loging.RequestInterceptor -
				EmbraceAdmin [C3151DDCE8414009871BC3A7A356319B] [GET] [/index1] [1ms] [OK]
2018-06-17 17:29:25.628 [http-nio-8080-exec-5] INFO  c.t.config.loging.RequestInterceptor -
				Visitor [C3151DDCE8414009871BC3A7A356319B] [GET] [/error] [1ms] [OK]
2018-06-17 17:29:26.402 [http-nio-8080-exec-4] INFO  c.t.config.loging.RequestInterceptor -
				EmbraceAdmin [C3151DDCE8414009871BC3A7A356319B] [GET] [/success] [1ms] [OK]
2018-06-17 17:30:17.068 [http-nio-8080-exec-7] INFO  c.t.config.loging.RequestInterceptor -
				EmbraceAdmin [C3151DDCE8414009871BC3A7A356319B] [GET] [/index1] [0ms] [OK]
2018-06-17 17:30:17.216 [http-nio-8080-exec-2] INFO  c.t.config.loging.RequestInterceptor -
				Visitor [C3151DDCE8414009871BC3A7A356319B] [GET] [/error] [1ms] [OK]
2018-06-17 17:30:17.945 [http-nio-8080-exec-6] INFO  c.t.config.loging.RequestInterceptor -
				EmbraceAdmin [C3151DDCE8414009871BC3A7A356319B] [GET] [/success] [1ms] [OK]
2018-06-17 17:34:16.588 [http-nio-8080-exec-9] INFO  c.t.config.loging.RequestInterceptor -
				EmbraceAdmin [C3151DDCE8414009871BC3A7A356319B] [GET] [/index1] [1ms] [OK]
2018-06-17 17:34:17.141 [http-nio-8080-exec-1] INFO  c.t.config.loging.RequestInterceptor -
				Visitor [C3151DDCE8414009871BC3A7A356319B] [GET] [/error] [6ms] [OK]
2018-06-17 17:34:17.643 [http-nio-8080-exec-10] INFO  c.t.config.loging.RequestInterceptor -
				Visitor [C3151DDCE8414009871BC3A7A356319B] [GET] [/error] [4ms] [OK]
2018-06-17 17:34:20.853 [http-nio-8080-exec-6] INFO  c.t.config.loging.RequestInterceptor -
				EmbraceAdmin [C3151DDCE8414009871BC3A7A356319B] [GET] [/success] [3ms] [OK]
2018-06-17 17:40:37.393 [http-nio-8080-exec-4] INFO  c.t.config.loging.RequestInterceptor -
				EmbraceAdmin [C3151DDCE8414009871BC3A7A356319B] [GET] [/index1] [0ms] [OK]
2018-06-17 17:40:37.519 [http-nio-8080-exec-6] INFO  c.t.config.loging.RequestInterceptor -
				Visitor [C3151DDCE8414009871BC3A7A356319B] [GET] [/error] [11ms] [OK]
2018-06-17 17:40:37.831 [http-nio-8080-exec-3] INFO  c.t.config.loging.RequestInterceptor -
				EmbraceAdmin [C3151DDCE8414009871BC3A7A356319B] [GET] [/success] [1ms] [OK]
2018-06-17 17:43:59.555 [http-nio-8080-exec-8] INFO  c.t.config.loging.RequestInterceptor -
				EmbraceAdmin [C3151DDCE8414009871BC3A7A356319B] [GET] [/index1] [0ms] [OK]
2018-06-17 17:43:59.661 [http-nio-8080-exec-3] INFO  c.t.config.loging.RequestInterceptor -
				Visitor [C3151DDCE8414009871BC3A7A356319B] [GET] [/error] [1ms] [OK]
2018-06-17 17:43:59.979 [http-nio-8080-exec-10] INFO  c.t.config.loging.RequestInterceptor -
				EmbraceAdmin [C3151DDCE8414009871BC3A7A356319B] [GET] [/success] [1ms] [OK]
2018-06-17 17:56:51.713 [http-nio-8080-exec-7] INFO  c.t.config.loging.RequestInterceptor -
				EmbraceAdmin [C3151DDCE8414009871BC3A7A356319B] [GET] [/index1] [2ms] [OK]
2018-06-17 17:56:51.841 [http-nio-8080-exec-7] INFO  c.t.config.loging.RequestInterceptor -
				Visitor [C3151DDCE8414009871BC3A7A356319B] [GET] [/error] [5ms] [OK]
2018-06-17 17:56:52.230 [http-nio-8080-exec-10] INFO  c.t.config.loging.RequestInterceptor -
				EmbraceAdmin [C3151DDCE8414009871BC3A7A356319B] [GET] [/success] [0ms] [OK]
2018-06-17 17:57:11.338 [http-nio-8080-exec-9] INFO  c.t.config.loging.RequestInterceptor -
				EmbraceAdmin [C3151DDCE8414009871BC3A7A356319B] [GET] [/index1] [1ms] [OK]
2018-06-17 17:57:11.476 [http-nio-8080-exec-5] INFO  c.t.config.loging.RequestInterceptor -
				Visitor [C3151DDCE8414009871BC3A7A356319B] [GET] [/error] [10ms] [OK]
2018-06-17 17:57:11.789 [http-nio-8080-exec-10] INFO  c.t.config.loging.RequestInterceptor -
				EmbraceAdmin [C3151DDCE8414009871BC3A7A356319B] [GET] [/success] [1ms] [OK]
2018-06-17 17:57:57.204 [http-nio-8080-exec-8] INFO  c.t.config.loging.RequestInterceptor -
				EmbraceAdmin [C3151DDCE8414009871BC3A7A356319B] [GET] [/index1] [1ms] [OK]
2018-06-17 17:57:57.347 [http-nio-8080-exec-2] INFO  c.t.config.loging.RequestInterceptor -
				Visitor [C3151DDCE8414009871BC3A7A356319B] [GET] [/error] [1ms] [OK]
2018-06-17 17:57:57.670 [http-nio-8080-exec-2] INFO  c.t.config.loging.RequestInterceptor -
				EmbraceAdmin [C3151DDCE8414009871BC3A7A356319B] [GET] [/success] [1ms] [OK]
2018-06-17 18:00:28.874 [http-nio-8080-exec-5] INFO  c.t.config.loging.RequestInterceptor -
				EmbraceAdmin [C3151DDCE8414009871BC3A7A356319B] [GET] [/index1] [0ms] [OK]
2018-06-17 18:00:28.973 [http-nio-8080-exec-4] INFO  c.t.config.loging.RequestInterceptor -
				Visitor [C3151DDCE8414009871BC3A7A356319B] [GET] [/error] [1ms] [OK]
2018-06-17 18:00:29.323 [http-nio-8080-exec-8] INFO  c.t.config.loging.RequestInterceptor -
				EmbraceAdmin [C3151DDCE8414009871BC3A7A356319B] [GET] [/success] [1ms] [OK]
2018-06-17 22:47:58.768 [main] INFO  com.test.Application -
				Starting Application on PU-NB-RSONI with PID 8652 (C:\Users\rasoni\Desktop\Personal\personalProject\spring-boot-jpa-gradle-backbone-template\template\template-web\bin started by rasoni in C:\Users\rasoni\Desktop\Personal\personalProject\spring-boot-jpa-gradle-backbone-template\template\template-web)
2018-06-17 22:48:11.244 [main] INFO  com.test.Application -
				Started Application in 12.86 seconds (JVM running for 13.966)
2018-06-17 22:48:18.911 [http-nio-8080-exec-1] INFO  c.t.config.loging.RequestInterceptor -
				anonymousUser [497240B1A54C37B4F6E43BD952632374] [GET] [/] [2ms] [OK]
2018-06-17 22:48:19.902 [http-nio-8080-exec-9] INFO  c.t.config.loging.RequestInterceptor -
				anonymousUser [497240B1A54C37B4F6E43BD952632374] [GET] [/login] [0ms] [OK]
2018-06-17 22:48:43.663 [http-nio-8080-exec-3] INFO  c.t.config.loging.RequestInterceptor -
				EmbraceAdmin [501C6469FF47D12779B086F173901036] [GET] [/success] [143ms] [OK]
2018-06-17 22:48:43.680 [http-nio-8080-exec-7] INFO  c.t.config.loging.RequestInterceptor -
				EmbraceAdmin [501C6469FF47D12779B086F173901036] [GET] [/index1] [0ms] [OK]
2018-06-17 22:48:43.942 [http-nio-8080-exec-5] INFO  c.t.config.loging.RequestInterceptor -
				Visitor [501C6469FF47D12779B086F173901036] [GET] [/error] [61ms] [OK]
2018-06-17 22:48:44.469 [http-nio-8080-exec-2] INFO  c.t.config.loging.RequestInterceptor -
				EmbraceAdmin [501C6469FF47D12779B086F173901036] [GET] [/success] [1ms] [OK]
2018-06-17 22:52:11.840 [http-nio-8080-exec-10] INFO  c.t.config.loging.RequestInterceptor -
				anonymousUser [6ED3F3418CD775A06D5DA853B0D36B8B] [GET] [/login] [1ms] [OK]
2018-06-17 22:52:12.453 [http-nio-8080-exec-8] INFO  c.t.config.loging.RequestInterceptor -
				anonymousUser [6ED3F3418CD775A06D5DA853B0D36B8B] [GET] [/login] [0ms] [OK]
2018-06-17 22:52:18.385 [http-nio-8080-exec-9] INFO  c.t.config.loging.RequestInterceptor -
				anonymousUser [6ED3F3418CD775A06D5DA853B0D36B8B] [GET] [/failure] [1ms] [OK]
2018-06-17 22:52:34.782 [http-nio-8080-exec-2] INFO  c.t.config.loging.RequestInterceptor -
				anonymousUser [6ED3F3418CD775A06D5DA853B0D36B8B] [GET] [/failure] [1ms] [OK]
2018-06-17 22:53:10.396 [http-nio-8080-exec-7] INFO  c.t.config.loging.RequestInterceptor -
				EmbraceAdmin [782ABC49F5D51B5CCAA88F8A40D80AAD] [GET] [/success] [2ms] [OK]
2018-06-17 22:53:10.418 [http-nio-8080-exec-3] INFO  c.t.config.loging.RequestInterceptor -
				EmbraceAdmin [782ABC49F5D51B5CCAA88F8A40D80AAD] [GET] [/index1] [0ms] [OK]
2018-06-17 22:53:10.639 [http-nio-8080-exec-10] INFO  c.t.config.loging.RequestInterceptor -
				Visitor [782ABC49F5D51B5CCAA88F8A40D80AAD] [GET] [/error] [2ms] [OK]
2018-06-17 22:53:11.288 [http-nio-8080-exec-8] INFO  c.t.config.loging.RequestInterceptor -
				Visitor [782ABC49F5D51B5CCAA88F8A40D80AAD] [GET] [/error] [1ms] [OK]
2018-06-17 22:53:11.306 [http-nio-8080-exec-2] INFO  c.t.config.loging.RequestInterceptor -
				EmbraceAdmin [782ABC49F5D51B5CCAA88F8A40D80AAD] [GET] [/success] [1ms] [OK]
